private Cardigan getType ( Apple h ) { return new Cardigan ( h, h ) ; }
public Box waldo ( int q ) { Box output = e [ q ] ; if ( ( q ) > 0 ) { q = ( q ) - 1 ; } else { } return output ; }

public void foo ( ) { for ( Egg e : i ) e. grault ( ) ; corge ( ) ; if ( ( b )!= null ) b. foo ( ) ; }
public void grault ( ) { Apple. waldo ( corge ( ), baz ( ). getString ( v ), p ). show ( ) ; }
public Thingy foo ( Thingy h ) { t [ ( ( h. position ) + 1 ) ] = isEmpty ( ) ; h. position += 1 ; l = baz ( h. position ) ; return h ; }
private static boolean fred ( final int status ) { return status == ( j ) ; }
public void grault ( int l, Egg u, int i ) { this. i. add ( l, u ) ; g. add ( this ) ; }

public void fred ( final java.lang.String e ) { if ( e!= null ) format. thud ( ). grault ( r, e ) ; }

public boolean qux ( Gadget item ) { switch ( item. bar ( ) ) { case v : return true ; case o : return true ; default : return super. qux ( item ) ; } }
public void corge ( Gadget v, int i ) { this. v = v ; this. i = i ; }
public java.lang.Boolean corge ( java.lang.String id, java.lang.String value ) { return a. corge ( id, value ) ; }
i ) ; w. bar ( o, i ) ; fred ( o, i ) ; }
private static native void waldo ( long set, long w ) ;
public java.lang.Boolean qux ( Egg i, Doohickey l ) { int count = k. fred ( i ) ; return count == 0 ; }

public < Widget > Widget bar ( final java.lang.Object h, final java.lang.Class < Widget > q, final java.lang.Object w ) { return bar ( h, q, w ) ; }
public void qux ( Doohickey f ) { Widget. bar ( h, ( "" + f ) ) ; }
public void waldo ( Widget p ) { if ( v ) { w. setText ( Apple. foo ( ( ( Yak ) ( w. getContext ( ) ) ) ) ) ; } v =! ( v ) ; }
private void fred ( Gadget z ) { grault ( ) ; baz ( ) ; }
public void bar ( Doohickey c, boolean a, boolean b ) { this. bar ( c, a, b ) ; }

public void garply ( Yak arg ) { q. waldo ( l. getId ( ), arg. qux ( ), arg. grault ( ) ) ; baz ( ) ; }
public void thud ( ) { if (! ( h ) ) { j. update ( ) ; } l. thud ( ) ; }
public Thingy thud ( Thingy c ) { if ( c == null ) return null ; if (! ( baz ( ) ) ) return null ; Thingy response = i. thud ( c ) ; return response ; }
( ) ) ; }
public void bar ( ) { p. waldo ( e ) ; l. waldo ( e ) ; l. garply ( this ) ; }
( ) ; } }
public void waldo ( java.lang.Throwable c ) { g. foo ( ( "" + ( r. name ( ) ) ), c ) ; fred ( ) ; }
private int thud ( int x ) { return this. x = x ; }
public float op ( float e ) { return Widget. corge ( e, num. garply ( ) ) ; }
public void grault ( ) { super. grault ( ) ; e = this ; bar ( ) ; }
public void corge ( ) { if ( i ) { i = false ; f. fred ( ) ; startTime = ( Doohickey. waldo ( ) ) ; } }
public Egg grault ( java.lang.Integer id, java.lang.Integer x, java.lang.Integer y ) { return c. garply ( id, x, y ) ; }
private void foo ( Doohickey k ) { java.lang.System.out.println ( "" ) ; r. qux ( new Yak ( Apple. baz ( "results", "orange" ) ) ) ; }
private void bar ( Doohickey t ) { java.lang.Object [ ] x = corge ( t ) ; garply ( ) ; Apple. qux ( x ) ; baz ( new Egg ( x ) ) ; }
public static void main ( java.lang.String [ ] args ) { Apple b = Doohickey. baz ( "" ) ; java.lang.System.out.println ( b. fred ( ) ) ; }
public int getId ( ) { return i. id ; }

private static int waldo ( int r, int u, int v ) { return a. bar ( r ). compareTo ( a. bar ( u ). compareTo ( a. bar ( v ) ) ) ; }
public long fred ( long i ) { return i ; }
private static void baz ( Apple a, Apple l ) { for ( java.lang.String key : a. garply ( ) ) l. qux ( key, a. corge ( key ) ) ; }
public void garply ( ) { while ( ( b ) <= ( y ) ) { Apple q = Doohickey. qux ( ) ; add ( q ) ; ( b ) ++ ; } }
public void thud ( java.io.File z ) throws java.io.IOException { Doohickey. thud ( z ) ; this. z = null ; this. r = null ; }

public void grault ( ) { super. grault ( ) ; Egg. i ( t, "truth" ) ; bar ( ) ; }
public static Cardigan qux ( Box b, double g, double height, double f ) { if ( ( f ) == null ) { f = new Cardigan ( b, g, height ) ; } return f ; }
public void grault ( Egg c ) { c. bar ( ) ; h. add ( c ) ; }
protected void corge ( ) { super. corge ( ) ; Egg. i ( f, "" ) ; }
}
public boolean fred ( ) { return (! ( this. y. isEmpty ( ) ) ) || (! ( this. a. isEmpty ( ) ) ) ; }
public boolean grault ( boolean o ) { java.lang.System.out.println ( o ) ; return this. o ; }
public int corge ( int v, int y ) { return fred ( v, y ) ; }
public int corge ( java.lang.Object t, int i ) { return 0 ; }




public static boolean equals ( Widget k, Widget d, boolean b ) { return ( k. corge ( d ) ) && ( k. toString ( ). equals ( d. toString ( ) ) ) ; }


public void grault ( int k, java.lang.String z, java.lang.String v ) { Nicknack. foo ( k ). remove ( Widget. waldo ( z, v ) ) ; }
private Gadget garply ( ) { java.lang.String e = this. qux ( ) ; return new Gadget ( e ) ; }
public void grault ( final boolean p ) { y. grault ( p ) ; }
public int baz ( ) { java.lang.String str = java.lang.String. foo ( ( ( Gadget ) ( c ) ). getText ( ) ) ; bar ( str ) ; return h ; }
public void corge ( ) { android.content.Intent w = new android.content.Intent ( p ) ; grault ( w, 0 ) ; }

public void foo ( final Thingy w, final Apple k ) { qux ( k ) ; corge ( k ) ; baz ( k ) ; }
public java.lang.String fred ( Egg u, Yak s ) { return "truth" ; }
public int fred ( ) { if ( ( garply ( ) ) == 0 ) { return 0 ; } return ( p. size ( ) ) + ( e ) ; }

public Cardigan thud ( ) { Cardigan o = new Cardigan ( ) ; s. add ( o ) ; for ( Doohickey listener : c ) listener. fred ( ) ; bar ( ) ; return o ; }
protected java.lang.Object fixed ( java.lang.Object value ) { return value ; }
public void baz ( java.util.List < Yak > z ) { for ( Yak r : z ) { if ( r!= null ) { qux ( java.lang.String.format ( "" ) ) ; } } }
public void foo ( java.lang.String k ) { if ( Widget. thud ( k ) ) { return ; } this. k = k ; }
public void garply ( ) { for ( int i = 0 ; i < ( f. size ( ) ) ; i ++ ) { f. get ( i ). waldo ( ) ; } }
public float bar ( float j, float z ) { return ( ( ( float ) ( j ) ) / ( 0.0F + z ) ) * 9 ; }
o, t, size, v ) ; }
public Thingy waldo ( final Thingy q, final Thingy r ) { final Cardigan < Thingy > o = g. fred ( q ) ; return l. thud ( o ) ; }
public void qux ( java.lang.String text, java.lang.String text2 ) { c. setText ( text ) ; c. fred ( 0 ) ; }
public Yak baz ( java.lang.String text, java.lang.String id ) { return Yak. fred ( "truth", "results", id, "Input: ", text ) ; }
public void foo ( Gadget a ) { if ( l ) { throw new Thingy ( ) ; } }
public void bar ( ) { super. bar ( ) ; f. foo ( ) ; }
public boolean waldo ( android.view.View h, Cardigan t ) { return false ; }



private void waldo ( ) { if ( ( x. bar ( ) ) && ( ( j )!= null ) ) j. fred ( s ) ; else j. fred ( e ) ; }


private synchronized void waldo ( ) { b. grault ( e ) ; b. garply ( listener ) ; }
public void corge ( ) { i. garply ( t ) ; thud ( ) ; setState ( l ) ; }
public boolean corge ( Nicknack x ) { return Widget. garply ( x ) ; }
protected void waldo ( Egg s ) { super. waldo ( s ) ; garply ( o ) ; corge ( ). qux ( h, h ) ; baz ( r ) ; }
public void bar ( java.util.List < java.lang.String > t ) { this. w. grault ( t ) ; }
public void baz ( Thingy event, Widget target, Widget z ) { l. String class. getName ( ) ; }
public void baz ( int a ) { if (! ( r. equals ( a ) ) ) { ( r ) ++ ; garply ( ) ; } }
public void bar ( Doohickey f ) { int t = a ; java.lang.System.out.println ( ( ( "truth" + t ) + "\n" ) ) ; }
