public static void main ( String[] args )
public TYPE_2 METHOD_2 ( TYPE_1 input ) { TYPE_2 output = VAR_2 [ VAR_1 ] ; if ( ( VAR_1 ) > 0 ) { VAR_1 = ( VAR_1 ) - 1 ; } else { } return output ;
private void METHOD_2 ( android.content.Intent intent ) {
public void METHOD_2 ( ) { }
public void METHOD_2 ( ) { TYPE_1. METHOD_3 ( ). METHOD_4 ( ). getString ( VAR_1 ). show ( ) ; }
public TYPE_1 METHOD_2 ( TYPE_1 VAR_1 ) { TYPE_1 VAR_2 [ ( ( VAR_1. position ) + 1 ) ] = isEmpty ( ) ; VAR_1. position += 1 ; return VAR_1 ; }
public static boolean METHOD_2 ( final byte status ) { return status == ( VAR_2 ) ; }
public void METHOD_2 ( TYPE_2 VAR_1, TYPE_2 VAR_2 ) { this. VAR_3. add ( VAR_1, VAR_2 ) ; VAR_4. add ( this ) ; }
public static void main ( String[] args ) throws java.io.IOException { java.lang.System.out.println ( "Hello World" ) ; }
public void METHOD_2 ( ) { }
public void METHOD_2 ( TYPE_2 VAR_1 ) { VAR_2 = 0 ; VAR_3 = ( ( double ) ( VAR_2 ) ) / FLOAT_1 ; VAR_4 = new java.lang.Double ( VAR_3 ). toString ( ) ; VAR_5. setText ( VAR_4 ) ; }
public boolean METHOD_2 ( TYPE_2 item ) { switch ( item. METHOD_3 ( ) ) { case VAR_3 : return true ; case VAR_4 : return true ; default : return super. METHOD_2 ( item ) ; } }
public void METHOD_2 ( TYPE_2 VAR_2 ) { this. VAR_2 = VAR_2 ; }
public java.lang.Boolean METHOD_2 ( java.lang.String id ) { return VAR_2. METHOD_2 ( id ) ; }
public void METHOD_2 ( TYPE_2 VAR_2 ) { super. METHOD_2 ( VAR_2 ) ; VAR_3. METHOD_3 ( VAR_2 ) ; VAR_4. METHOD_4 ( VAR_2 ) ; VAR_5. METHOD_4 ( VAR_2 ) ; METHOD_5 ( VAR_2 ) ; }
private static native void METHOD_2 ( long set ) ;
public java.lang.Boolean METHOD_2 ( TYPE_1 VAR_1 ) { return VAR_2. METHOD_1 ( VAR_1 ) ; }
public void METHOD_2 ( ) { VAR_2 = true ; }
public < TYPE_1 > TYPE_1 METHOD_1 ( final java.lang.Object VAR_1, final java.lang.Class < TYPE_1 > VAR_2, final java.lang.Object VAR_3 ) { return METHOD_1 ( VAR_1, VAR_2, VAR_3 ) ; }
public void METHOD_2 ( TYPE_2 VAR_2, STRING_2 STRING_1 ) { TYPE_3. METHOD_3 ( this, STRING_1, VAR_3 ). show ( ) ; }
public void METHOD_2 ( TYPE_2 VAR_2 ) { if ( VAR_3. getText ( ). equals ( TYPE_3. METHOD_3 ( ( TYPE_3 ) ( VAR_3. getContext ( ) ) ) ) ) { VAR_3. setText ( TYPE_3. METHOD_3 ( ( ( TYPE_3 ) ( VAR_3. getContext ( ) ) ) ) ) ; } VAR_2 =! ( VAR_2 ) ; }
private void METHOD_2 ( TYPE_2 VAR_2 ) { METHOD_3 ( ) ; }
public void METHOD_2 ( TYPE_2 VAR_1, TYPE_2 VAR_2, boolean VAR_3 ) { this. METHOD_2 ( VAR_1, VAR_2, VAR_3, VAR_3 ) ; }
// You are given a piece of buggy code. Your task is to fix the error, and generate the corrected code. Fix the following code:
public void METHOD_2 ( TYPE_2 arg ) { VAR_2. METHOD_3 ( ) ; }
public void METHOD_2 ( ) { if (! ( VAR_1 ) ) { VAR_2. update ( ) ; } VAR_3. METHOD_2 ( ) ; }
public TYPE_1 METHOD_2 ( TYPE_1 VAR_1 ) throws TYPE_2, TYPE_3 { if ( VAR_1 == null ) return null ; if (! ( METHOD_3 ( ) ) ) return null ; TYPE_1 response = VAR_2. METHOD_2 ( VAR_1 ) ; return response ; }
public void METHOD_2 ( String STRING_1, String STRING_2 ) { }
public void METHOD_2 ( int i ) { }
public static void main ( String[] args ) {
public void METHOD_2 ( java.lang.String STRING_1, java.lang.Throwable VAR_1 ) { }
public int METHOD_2 ( ) { return this. VAR_2 ; }
public float op ( float VAR_1, float VAR_2 ) { return TYPE_2. METHOD_1 ( VAR_1, VAR_2 ) ; }
public void METHOD_2 ( ) { super. METHOD_2 ( ) ; VAR_2 = this ; METHOD_3 ( ) ; }
public void METHOD_2 ( ) { VAR_1 = true ; }
public TYPE_2 METHOD_2 ( java.lang.Integer id ) { return VAR_2. METHOD_3 ( id ) ; }
public static void main ( String[] args ) {
public void METHOD_2 ( TYPE_1 VAR_1 ) { TYPE_2 VAR_2 = new TYPE_2 ( ) ; }
// Output:
public String getName ( ) { return VAR_1. name ; }
public void METHOD_2 ( TYPE_1 VAR_1, TYPE_2 VAR_2 ) { TYPE_3. METHOD_2 ( VAR_3, ( STRING_1 + path ) ) ; }
public static void main ( String[] args ) {
public long METHOD_2 ( int i ) { return i * i ; }
public static void main ( String[] args ) {
public void METHOD_2 ( ) { TYPE_1 VAR_1 = TYPE_2. METHOD_1 ( ) ; TYPE_1 VAR_2 = TYPE_2. METHOD_1 ( ) ; TYPE_1 VAR_3 = TYPE_2. METHOD_1 ( ) ; TYPE_1 VAR_4 = TYPE_2. METHOD_1 ( ) ; TYPE_1 VAR_5 = TYPE_2. METHOD_1 ( ) ; TYPE_1 VAR_6 = TYPE_2. METHOD_1 ( ) ; TYPE_1 VAR_7 = TYPE_2. METHOD_1 ( ) ; TYPE_1 VAR_8 = TYPE_2. METHOD_1 ( ) ; TYPE_1 VAR_9 = TYPE_2. METHOD_1 ( ) ; TYPE_1 VAR_10 = TYPE_2. METHOD_1 ( ) ; TYPE_1 VAR_11 = TYPE_2. METHOD_1 ( ) ; TYPE_1 VAR_12 = TYPE_2. METHOD_1 ( ) ; TYPE_1 VAR_13 = TYPE_2. METHOD_1 ( ) ; TYPE_1 VAR_14 = TYPE_2. METHOD_1 ( ) ; TYPE_1 VAR_15 = TYPE_2. METHOD_1 ( ) ; TYPE_1 VAR_16 = TYPE_2. METHOD_1 ( ) ; TYPE_1 VAR_17 = TYPE_2. METHOD_1 ( ) ; TYPE_1 VAR_18 = TYPE_2. METHOD_1 ( ) ; TYPE_1 VAR_19 = TYPE_2. METHOD_1 ( ) ; TYPE_1 VAR_20 = TYPE_2. METHOD_1 ( ) ; TYPE_1 VAR_21 = TYPE_
public void METHOD_2 ( ) throws java.io.IOException { TYPE_2. METHOD_2 ( VAR_2 ) ; }
public static void main ( String[] args ) {
public void METHOD_2 ( ) { TYPE_1. i ( VAR_1, STRING_2 ) ; }
public static TYPE_1 METHOD_2 ( TYPE_2 VAR_1, double VAR_2, double height ) { if ( ( VAR_3 ) == null ) { VAR_3 = new TYPE_1 ( VAR_1, VAR_2, height ) ; } return VAR_3 ; }
public void METHOD_2 ( TYPE_2 c ) { c. METHOD_3 ( ) ; VAR_2. add ( c ) ; }
protected void METHOD_2 ( ) { super. METHOD_2 ( ) ; TYPE_2. i ( VAR_2, STRING_2 ) ; }
public boolean METHOD_2 ( TYPE_1 VAR_1, TYPE_2 VAR_2, TYPE_3 VAR_3, TYPE_4 VAR_4, TYPE_5 VAR_5, TYPE_6 VAR_6, TYPE_7 VAR_7, TYPE_8 VAR_8, TYPE_9 VAR_9, TYPE_10 VAR_10, TYPE_11 VAR_11, TYPE_12 VAR_12, TYPE_13 VAR_13, TYPE_14 VAR_14, TYPE_15 VAR_15, TYPE_16 VAR_16, TYPE_17 VAR_17, TYPE_18 VAR_18, TYPE_19 VAR_19, TYPE_20 VAR_20, TYPE_21 VAR_21, TYPE_22 VAR_22, TYPE_23 VAR_23, TYPE_24 VAR_24, TYPE_25 VAR_25, TYPE_26 VAR_26, TYPE_27 VAR_27, TYPE_28 VAR_28, TYPE_29 VAR_29, TYPE_30 VAR_30, TYPE_31 VAR_31, TYPE_32 VAR_32, TYPE_33 VAR_33, TYPE_34 VAR_34, TYPE_35 VAR_35, TYPE_36 VAR_36, TYPE_37 VAR_37, TYPE_38 VAR_38, TYPE_39 VAR_39, TYPE_40 VAR_40, TYPE_41 VAR_41, TYPE_42 VAR_42, TYPE_43 VAR_
public boolean METHOD_2 ( ) { return (! ( this. VAR_1. isEmpty ( ) ) ) || (! ( this. VAR_2. isEmpty ( ) ) ) || (! ( this. VAR_3. isEmpty ( ) ) ) ; }
public boolean METHOD_2 ( ) { return this. VAR_1 ; }
public int METHOD_2 ( int VAR_1, int VAR_2 ) { return VAR_1 + VAR_2 ; }
public int METHOD_2 ( java.lang.Object VAR_1 ) { return 0 ; }
public void METHOD_2 ( TYPE_5 VAR_1 ) { VAR_1. METHOD_1 ( TYPE_6. METHOD_1 ( TYPE_7. METHOD_1 ( TYPE_8. METHOD_1 ( TYPE_9. METHOD_1 ( TYPE_10. METHOD_1 ( TYPE_11. METHOD_1 ( TYPE_12. METHOD_1 ( TYPE_13. METHOD_1 ( TYPE_14. METHOD_1 ( TYPE_15. METHOD_1 ( TYPE_16. METHOD_1 ( TYPE_17. METHOD_1 ( TYPE_18. METHOD_1 ( TYPE_19. METHOD_1 ( TYPE_20. METHOD_1 ( TYPE_21. METHOD_1 ( TYPE_22. METHOD_1 ( TYPE_23. METHOD_1 ( TYPE_24. METHOD_1 ( TYPE_25. METHOD_1 ( TYPE_26. METHOD_1 ( TYPE_27. METHOD_1 ( TYPE_28. METHOD_1 ( TYPE_29. METHOD_1 ( TYPE_30. METHOD_1 ( TYPE_31. METHOD_1 ( TYPE_32. METHOD_1 ( TYPE_33. METHOD_1 ( TYPE_34. METHOD_1 ( TYPE_35. METHOD_1 ( TYPE_36. METHOD_1 ( TYPE_37. METHOD_1 ( TYPE_38. METHOD_1 ( TYPE_39. METHOD_1 ( TYPE_40. METHOD_1 ( TYPE_41. METHOD_1
public void METHOD_1 ( TYPE_1 t ) { }
public java.lang.String METHOD_2 ( ) { return null ; }
public void METHOD_2 ( ) { }
public static boolean equals ( TYPE_1 VAR_1, TYPE_2 VAR_2 ) { return ( VAR_1. METHOD_1 ( VAR_2 ) ) && ( VAR_1. toString ( ). equals ( VAR_2. toString ( ) ) ) ; }
public boolean METHOD_2 ( ) { return true ; }
// You are given a piece of buggy code. Your task is to fix the error, and generate the corrected code. Fix the following code:
public void METHOD_2 ( int VAR_1 ) { TYPE_1. METHOD_3 ( VAR_1 ). remove ( TYPE_2. METHOD_3 ( VAR_1 ) ) ; }
public static void main ( String[] args ) {
public void METHOD_2 ( final boolean VAR_1 ) { VAR_2. METHOD_2 ( VAR_1 ) ; }
public int METHOD_2 ( TYPE_1 t ) { return t. METHOD_3 ( ) ; }
public void METHOD_2 ( android.content.Intent VAR_1, int VAR_2 ) { android.content.Intent VAR_3 = new android.content.Intent ( VAR_1 ) ; METHOD_3 ( VAR_3 ) ; }
public TYPE_1 METHOD_2 ( ) { return VAR_5. get ( ( ( VAR_6. METHOD_3 ( ) ) % ( VAR_7. size ( ) ) ) ) ; }
public void METHOD_2 ( final TYPE_2 VAR_2 ) { METHOD_3 ( VAR_2 ) ; METHOD_4 ( VAR_2 ) ; METHOD_5 ( VAR_2 ) ; }
public java.lang.String METHOD_2 ( TYPE_1 VAR_1, TYPE_2 VAR_2 ) { return STRING_2 ; }
public int METHOD_2 ( ) { if ( ( METHOD_1 ( ) ) == 0 ) { return 0 ; } return ( VAR_1 ). size ( ) + ( VAR_2 ) ; }
public TYPE_1 < TYPE_2 > METHOD_2 ( TYPE_1 < TYPE_2 > a, TYPE_1 < TYPE_2 > b ) { TYPE_3 c = new TYPE_3 ( a, b ) ; VAR_2. append ( c ) ; return c ; }
public TYPE_2 METHOD_2 ( ) { TYPE_2 VAR_1 = new TYPE_2 ( ) ; VAR_2. add ( VAR_1 ) ; return VAR_1 ; }
public static void main ( String[] args ) {
public void METHOD_2 ( java.lang.String STRING_2 ) { }
public void METHOD_2 ( java.lang.String VAR_2 ) { if ( TYPE_2. METHOD_3 ( VAR_2 ) ) { return ; } this. VAR_2 = VAR_2 ; }
public void METHOD_2 ( ) { VAR_1. add ( new Object ( ) ) ; }
public float METHOD_2 ( long VAR_1, long VAR_2 ) { return ( ( ( float ) ( VAR_1 ) ) / ( 0.0F + VAR_2 ) ) * INT_1 ; }
public java.lang.Object METHOD_2 ( java.lang.Integer VAR_1, java.lang.Integer size, java.lang.Long VAR_2 ) throws java.lang.Exception { return VAR_3. METHOD_2 ( VAR_2, VAR_1, size ) ; }
public TYPE_1 METHOD_2 ( final TYPE_1 VAR_1 ) { final TYPE_2 < TYPE_1 > VAR_2 = VAR_3. METHOD_2 ( VAR_1 ) ; return VAR_4. METHOD_3 ( VAR_2 ) ; }
public void METHOD_2 ( int i ) { VAR_1. METHOD_3 ( i ) ; }
public TYPE_1 METHOD_2 ( TYPE_1 id, TYPE_2 text, TYPE_3 id2, TYPE_4 text2, TYPE_5 id3, TYPE_6 text3 ) {
public void METHOD_2 ( TYPE_2 VAR_2 ) { if ( VAR_1 ) { throw new TYPE_1 ( ) ; } }
public void METHOD_2 ( int VAR_1, String STRING_1 ) { TYPE_1. METHOD_2 ( VAR_1, STRING_1 ) ; }
public boolean METHOD_2 ( android.view.View VAR_1, TYPE_2 VAR_2 ) { return false ; }
public void METHOD_2 ( ) { TYPE_3. assertNotNull ( VAR_1. METHOD_4 ( ) ) ; }
public boolean METHOD_2 ( TYPE_2 VAR_2 ) { if ( VAR_3 ) { VAR_2. METHOD_3 ( 1 ). METHOD_4 ( STRING_1 ) ; } else { VAR_2. METHOD_3 ( 1 ). METHOD_4 ( STRING_2 ) ; } return true ; }
public void METHOD_2 ( TYPE_2 VAR_1 ) { TYPE_3 VAR_3 = ( TYPE_3 ) ( VAR_1. METHOD_3 ( ) ) ; VAR_1. METHOD_4 ( VAR_3 ) ; }
// You are given a piece of buggy code. Your task is to fix the error, and generate the corrected code. Fix the following code:
public static void main ( String[] args ) {
void METHOD_2 ( ) { VAR_3 = true ; }
public synchronized void METHOD_2 ( ) { VAR_1. METHOD_3 ( listener ) ; }
public void METHOD_2 ( int i ) { VAR_1. METHOD_2 ( i ) ; }
public boolean METHOD_2 ( TYPE_2 VAR_2 ) { TYPE_2 result = TYPE_3. METHOD_3 ( VAR_2 ) ; result. METHOD_4 ( ) ; return true ; }
