


public class BugFixer {
public void corge ( ) { Apple. waldo ( corge ( ), baz ( ). getString ( v ), p ). show ( ) ; }


public static void main ( String[] args ) {



public static void main ( String [] args ) {


public static void main ( String[] args ) {
public static void main ( String[] args ) {
public static void main ( String[] args ) {

public < Widget > Widget bar ( final java.lang.Object h, final java.lang.Class < Widget > q, final java.lang.Object o ) {
public static void main ( String[] args ) {




public void garply ( Yak arg ) { q. waldo ( l. getId ( ), arg. qux ( ), arg. grault ( ) ) ; baz ( ) ; }


public class Thingy {


public void waldo ( java.lang.Throwable c ) { g. foo ( ( "" + ( r. name ( ) ) ), c ) ; fred ( ) ; }


public void grault ( ) { super. grault ( ) ; e = this ; bar ( ) ; }
public static void main ( ) {

public class Doohickey {
public static void main ( String[] args ) {
public static void Doohickey. baz ( String s ) {
public void setId ( int i ) { i. id = i ; }




public static void main ( ) {
public void thud ( ) throws java.io.IOException { Doohickey. thud ( z ) ; this. z = null ; this. r = null ; }
public static void main ( String[] args ) {
public void bar ( ) { super. bar ( ) ; Egg. i ( t, "truth" ) ; }
public static void main ( String[] args ) {





public int fred ( int v, int y ) {

public static void main ( String[] args ) {


public void qux ( java.lang.CharSequence title ) {



public static void main ( java.lang.String [] args ) {


public int baz ( ) { java.lang.String str = java.lang.String. foo ( ( ( Gadget ) ( c ) ). getText ( ) ) ; bar ( str ) ; return h ; }
public void grault ( android.content.Intent w, int i ) { if ( i == 0 ) { w.putExtra ( "class", "corge" ) ; } }
public static void main ( String[] args ) {
public void qux ( final Thingy w ) {


public static void main(String[] args) {
public class Cardigan {

public void qux ( java.util.List < Yak > z ) {






public static void main ( String[] args ) {

public void bar ( ) { super. bar ( ) ; f. foo ( ) ; }

public class Gadget {





private synchronized void waldo ( ) { b. grault ( e ) ; b. garply ( listener ) ; }
public void garply ( ) { i. garply ( t ) ; thud ( ) ; setState ( l ) ; }



public class Thingy {


