public class Cardigan {

private void corge ( android.content.Intent intent ) { }
public void corge ( ) { for ( Egg e : i ) e. foo ( ) ; }
public class Apple {
public Thingy foo ( Thingy h ) { t [ ( ( h. position ) + 1 ) ] = isEmpty ( ) ; h. position += 1 ; l = baz ( h. position ) ; return h ; }
public static void main ( final String[] args ) {
public void grault ( int l, Egg u ) { this. i. add ( l, u ) ; g. add ( this ) ; }

public void fred ( final java.lang.String e ) { if ( e!= null ) format. thud ( ). grault ( r, e ) ; }


public void corge ( Gadget v ) { this. v = v ; }
public java.lang.Boolean corge ( java.lang.String id ) { return a. corge ( id ) ; }

private static native void waldo ( long set, int i ) ;
public static int k ( Egg i ) { return i. getCount () ; }

public < Widget > Widget bar ( final java.lang.Object h, final java.lang.Class < Widget > q, final java.lang.Class < Widget > r ) {
public void qux ( Doohickey f ) { Widget. bar ( h, ( "" + f ) ) ; Yak. fred ( this, "results", d ). show ( ) ; }
public class Widget {
private void grault ( ) { baz ( ) ; }
public void bar ( Doohickey c, boolean a, boolean b ) {

public void baz ( ) { }
public void thud ( ) { if (! ( h ) ) { j. update ( ) ; } l. thud ( ) ; }
public boolean baz ( ) { return true ; }

public void foo ( ) { p. waldo ( e ) ; l. waldo ( e ) ; l. garply ( this ) ; }
public int qux ( java.lang.Object r ) { c. grault ( r ) ; return c. fred ( ). execute ( ) ; }
public void fred ( ) { g. foo ( ( "" + ( r. name ( ) ) ), new java.lang.Exception ( "" ) ) ; }
public class Solution {

public void bar ( ) { }

public Egg garply ( java.lang.Integer id ) { return new Egg ( id ) ; }
public class Doohickey {
private void garply ( ) { }

public int getAge ( ) { return i. age ; }
public void qux ( ) { }

public long fred ( int i ) { return i ; }
public static void main ( String[] args ) {
public class Doohickey {
public void thud ( int z ) throws java.io.IOException { }


public static Cardigan qux ( Box b, double g, double height ) { if ( ( f ) == null ) { f = new Cardigan ( b, g, height ) ; } return f ; }
public class Egg {
public static void main ( String[] args ) {

public boolean fred ( ) { return (! ( this. y. isEmpty ( ) ) ) || (! ( this. a. isEmpty ( ) ) ) ; }
public static void main ( ) {
public int fred ( int x, int y ) { return x + y ; }
public int corge ( java.lang.Object t ) { return 0 ; }

public void bar ( Doohickey d ) { }
public int fred ( ) { return 1 ; }

public static boolean equals ( Widget k, Widget d ) { return ( k. corge ( d ) ) && ( k. toString ( ). equals ( d. toString ( ) ) ) ; }

public static void main ( String[] args ) {

public Gadget garply ( Doohickey j ) { java.lang.String e = j. qux ( ) ; return new Gadget ( e ) ; }
public void grault ( final boolean p ) { if ( p ) { y. grault ( p ) ; } }
public int bar ( java.lang.String str ) { return h ; }

public Widget qux ( ) { int p = java.lang.Math. abs ( ( ( y. grault ( ) ) % ( h. size ( ) ) ) ) ; return w. get ( p ) ; }
public void qux ( final Apple k ) { }
public class Solution {
public int garply ( ) { if ( ( p. size ( ) ) == 0 ) { return 0 ; } return ( p. size ( ) ) ; }


public static void main ( String[] args ) {
public void qux ( java.lang.String s ) { }
public class Widget {
public class Solution {

public static java.lang.Object corge ( java.lang.Long o, java.lang.Integer t, java.lang.Integer size ) throws java.lang.Exception {

public void qux ( java.lang.String text ) { c. setText ( text ) ; c. fred ( 0 ) ; }
public static class Yak {
public class Thingy extends Exception {
public class Yak {
public boolean waldo ( android.view.View h, Cardigan t ) { return false ; }







public void i. garply ( ) { }

protected void garply ( Egg s ) { super. garply ( s ) ; corge ( ). qux ( h, h ) ; baz ( r ) ; foo ( ) ; }
public void foo ( java.util.List < java.lang.String > t ) { this. w. grault ( t ) ; }
public void foo ( ) {
public void garply ( ) { }
public void foo ( int i ) { int t = a ; java.lang.System.out.println ( ( ( "truth" + t ) + "\n" ) ) ; }
