http://code.google.com/p/netty/issues/detail?id=35
a new line
the first line of the file is commented out
the contact id
antProject.getExecutor().executeTargets(antProject, new String[] { "test" });
the method dispose() is called
import org.apache.coyote.http11.Http11AprProtocol
a) if (channel == null) {
the file is deleted
diff of changes
Message: class = 0x00 (0x00), type = 0x00 (0x00), buffer = 0x00
the difference between the two layouts
delete container
h
a summary of the above diff
the check below makes sence only for valid PsiElement

the difference between the two lines above
the difference between the two lines above
generateHeaderId(0)
http://www.parosproxy.org/paros/network/HttpSender.java
the post this comment is on can only be requested if this is a.com blog or a
diff of changes
a new line
a summary of the above diff
output model
index 09123fb..fee2f32 100644
* The user's filename should be included in the config file name,
mkdir
a stop timeout of 0 means no stop timeout
diff --git a/platform/xdebugger-impl/src/com/intellij/xdebugger/impl/XDebuggerUtilImpl.java
if (nameAttributes == null)  nameAttributes = new SimpleTextAttributes(Font.PLAIN, color);
the first line of the diff is the first line of the class
the first fragment
a diff of changes
a summary of the above diff is:
a new reference for a symbol
diff --git a/plugins/svn4idea/src/org/jetbrains/idea/svn/commandLine/CmdStatusClient.java b/plugins/svn4idea/src/org/jetbrains/idea/svn/commandLine/CmdStatusClient.java
(1) verify(context).unregisterReceiver(dispatcher.receiver);
a private property access
diff --git a/app/src/main/java/io/plaidapp/ui/PostNewDesignerNewsStory.java b/app/src/main/java/io/plaidapp/ui/PostNewDesignerNewsStory.java
the room subject is null
a classpath provider for the core project
a) parseBody()
the parser model
a summary of the above diff is:
host = IDN.toASCII(host);
diff --git a/src/main/java/org/elasticsearch/indices/cluster/IndicesClusterStateService.java b/src/main/java/org/elasticsearch/indices/cluster/IndicesClusterStateService.java
displayProperties = true;
a/curator-framework/src/main/java/com/netflix/curator/framework/api/ProtectACLCreateModePathAndBytesable.java
create a predicate
enter(long, TimeUnit)
a.ensureIndex( a.keys, a.name, a.unique )
read the file
a summary of the above diff is:
the file is not found

diff --git a/liquibase-core/src/main/java/liquibase/sqlgenerator/core/AddColumnGenerator.java b/liquibase-core/src/main/java/liquibase/sqlgenerator/core/AddColumnGenerator.java
the package name of the activity
a list of all tasks
a.java:
weighted sum of squared response
a summary of the above diff
a summary of the above diff
index:95e525039
setOutputURI(conf, OUTPUT_URI)
download via wifi switch
diff of changes
the above diff is the first one
a.jodd.db.connection.ConnectionProvider.ConnectionProvider()
the element is the parent of the next element
+    +    +    +    +    +    +    +    +    +    +    +    +    +    +    +    +    +    +    +    +    +    +    +    +    +    +    +    +    +    +    +    +    +    +    +    +    +    +    +    +    +    +    +    +    +    +    +    +    +    +    +    +    +    +    +    +    +    +    +    +    +    +    +    +    +    +    +    +    +    +    +    +    +    +    +    +    +    +    +    +    +    +    +    +    +    +    +    +    +    +    +    +    +    +    +    +    +    +    +    +    +    +    +    +    +    +    +    +    +    +    +    +    +    +    +    +    +    +    +    +    +    +    +    +    +    +    +    +    +    +    +    +    +    +    +    +    +    +    +    +    +    +    +    +    +    +    +    +    +
the date formatters are initialized

moduleName: "com.taobao.weex.WXSDKEngine"
a new core system
diff of changes
diff --git a/PreviewAPI/src/org/gephi/preview/PreviewControllerImpl.java b/PreviewAPI/src/org/gephi/preview/PreviewControllerImpl.java
the first line is the first line of the file
a new point is added to the target points
import java.io.Serializable;
java.lang.RuntimeException:
diff:
diff --git a/platform/lang-impl/src/com/intellij/unscramble/AnalyzeStacktraceUtil.java b/platform/lang-impl/src/com/intellij/unscramble/AnalyzeStacktraceUtil.java
a top component is set if the component is focused
346: count = future.get();
if (!permissionDone) {
setAvatar(byte[] bytes, String mimeType)
// +    +--- a/plugins/tasks/tasks-tests/test/com/intellij/tasks/vcs/TaskVcsTest.java
a filter that returns true for the first item
the file is not null
Get changes from point of view of VCS
a) the consumer manager
diff of changes
diff --git a/src/main/java/com/sk89q/worldedit/bukkit/BukkitWorld.java b/src/main/java/com/sk89q/worldedit/bukkit/BukkitWorld.java
a change in the password field
the number of output classes

a.add("com.fasterxml.jackson.annotation.")

