public void deserialize(LittleEndianInput in) {field_1_vcenter = in.readShort();}
public void addAll(BlockList<T> src) {if (src.size == 0)return;int srcDirIdx = 0;for (; srcDirIdx < src.tailDirIdx; srcDirIdx++)addAll(src.directory[srcDirIdx], 0, BLOCK_SIZE);if (src.tailBlkIdx!= 0)addAll(src.tailBlock, 0, src.tailBlkIdx);}
public void writeByte(byte b) {if (upto == blockSize) {if (currentBlock!= null) {addBlock(currentBlock);}currentBlock = new byte[blockSize];upto = 0;}currentBlock[upto++] = b;}
public ObjectId getObjectId() { return objectId; }
public DeleteDomainEntryResult deleteDomainEntry(DeleteDomainEntryRequest request) {request = beforeClientExecution(request);return executeDeleteDomainEntry(request);}
public long ramBytesUsed() {return ((termOffsets!=null)? termOffsets.ramBytesUsed() : 0) +((termsDictOffsets!=null)? termsDictOffsets.ramBytesUsed() : 0);}
public final String getFullMessage() {byte[] raw = buffer;int msgB = RawParseUtils.tagMessage(raw, 0);if (msgB < 0) {return ""; }return RawParseUtils.decode(guessEncoding(), raw, msgB, raw.length);}
public POIFSFileSystem(boolean create) {
public void init(int address) {slice = pool.buffers[address >> ByteBlockPool.BYTE_BLOCK_SHIFT];assert slice!= null;upto = address & ByteBlockPool.BYTE_BLOCK_MASK;offset0 = address;}
public SubmoduleAddCommand setPath(String path) {this.path = path;return this;}
public ListIngestionsResult listIngestions(ListIngestionsRequest request) {request = beforeClientExecution(request);return executeListIngestions(request);}
public QueryParserTokenManager(CharStream stream){this(stream, 0);}
public GetShardIteratorResult getShardIterator(GetShardIteratorRequest request) {request = beforeClientExecution(request);return executeGetShardIterator(request);}
public ModifyStrategyRequest(String name, String description) {
public class InputStreamReader {
public EscherOptRecord getOptRecord() {return _optRecord;}
public synchronized int read(byte[] buffer, int offset, int length) {if (buffer == null) {throw new NullPointerException("buffer == null");}Arrays.checkOffsetAndCount(buffer.length, offset, length);if (length == 0) {return 0;}int copylen = count - pos < length? count - pos : length;for (int i = 0; i < copylen; i++) {buffer[offset + i] = (byte) this.buffer.charAt(pos + i);}pos += copylen;return copylen;}
public OpenNLPSentenceBreakIterator(NLPSentenceDetectorOp sentenceOp) {this.sentenceOp = sentenceOp;}
public void print(String str) {write(str!= null? str : String.valueOf((Object) null));}
public NotImplementedFunctionException(String functionName, NotImplementedException cause) {super(functionName, cause);this.functionName = functionName;}
public V next() { return super.nextEntry().getValue(); }
public final void readBytes(byte[] b, int offset, int len) throws IOException {
public TagQueueResult tagQueue(TagQueueRequest request) {request = beforeClientExecution(request);return executeTagQueue(request);}
public void remove() {throw new UnsupportedOperationException();}
public CacheSubnetGroup modifyCacheSubnetGroup(String cacheSubnetGroupName, String subnetIds) {request = new ModifyCacheSubnetGroupRequest();request.setCacheSubnetGroupName(cacheSubnetGroupName);request.setSubnetIds(subnetIds);return executeModifyCacheSubnetGroup(request);}
public void setParams(String params) {super.setParams(params);language = country = variant = "";StringTokenizer st = new StringTokenizer(params, ",");if (st.hasMoreTokens())language = st.nextToken();if (st.hasMoreTokens())country = st.nextToken();if (st.hasMoreTokens())variant = st.nextToken();}
public DeleteDocumentationVersionResult deleteDocumentationVersion(DeleteDocumentationVersionRequest request) {request = beforeClientExecution(request);return executeDeleteDocumentationVersion(request);}
public boolean equals(Object obj) {if (!(obj instanceof FacetLabel)) {return false;}FacetLabel other = (FacetLabel) obj;if (length!= other.length) {return false; }for (int i = length - 1; i >= 0; i--) {if (!components[i].equals(other.components[i])) {return false;}}return true;}
public GetInstanceAccessDetailsResult getInstanceAccessDetails(GetInstanceAccessDetailsRequest request) {request = beforeClientExecution(request);return executeGetInstanceAccessDetails(request);}
public HSSFPolygon createPolygon(HSSFChildAnchor anchor) {HSSFPolygon shape = new HSSFPolygon(this, anchor);shape.setParent(this);shape.setAnchor(anchor);shapes.add(shape);onCreate(shape);return shape;}
public String getSheetName(int sheetIndex) {return getBoundSheetRec(sheetIndex).getSheetname();}
public GetDashboardResult getDashboard(GetDashboardRequest request) {request = beforeClientExecution(request);return executeGetDashboard(request);}
public AssociateSigninDelegateGroupsWithAccountResult associateSigninDelegateGroupsWithAccount(AssociateSigninDelegateGroupsWithAccountRequest request) {request = beforeClientExecution(request);return executeAssociateSigninDelegateGroupsWithAccount(request);}
public void addMultipleBlanks(MulBlankRecord mbr) {for (int j = 0; j < mbr.getNumColumns(); j++) {BlankRecord br = new BlankRecord();br.setColumn(( short ) (j + mbr.getFirstColumn()));br.setRow(mbr.getRow());br.setXFIndex(mbr.getXFAt(j));insertCell(br);}}
public static String quote(String string) {StringBuilder sb = new StringBuilder();sb.append("\\Q");int apos = 0;int k;while ((k = string.indexOf("\\E", apos)) >= 0) {sb.append(string.substring(apos, k + 2)).append("\\\\E\\Q");apos = k + 2;}return sb.append(string.substring(apos)).append("\\E").toString();}
public int getInt() {throw new ReadOnlyBufferException();}
public ArrayPtg(Object[] values) {int nColumns = values.length;int nRows = 1;_nColumns = (short) nColumns;_nRows = (short) nRows;Object[] vv = new Object[_nColumns * _nRows];for (int r=0; r<nRows; r++) {Object[] rowData = values;for (int c=0; c<nColumns; c++) {vv[getValueIndex(c, r)] = rowData[c];}}_arrayValues = vv;_reserved0Int = 0;_reserved1Short = 0;_reserved2Byte = 0;}
public GetIceServerConfigResult getIceServerConfig(GetIceServerConfigRequest request) {request = beforeClientExecution(request);return executeGetIceServerConfig(request);}
public String getValueAsString() {return value;}
public String toString(String field) {return "ToChildBlockJoinQuery ("+parentQuery.toString()+")";}
public final void incRef() {refCount.incrementAndGet();}
public UpdateConfigurationSetSendingEnabledResult updateConfigurationSetSendingEnabled(UpdateConfigurationSetSendingEnabledRequest request) {request = beforeClientExecution(request);return executeUpdateConfigurationSetSendingEnabled(request);}
public int getNextXBATChainOffset() {return getXBATEntriesPerBlock() * LittleEndianConsts.INT_SIZE;}
public void multiplyByPowerOfTen(int pow10) {TenPower tp = TenPower.getInstance(Math.abs(pow10));if (pow10 < 0) {mulShift(tp._divisor, tp._divisorShift);} else {mulShift(tp._multiplicand, tp._multiplierShift);}}
public String toString() {
public InstanceProfileCredentialsProvider withRoleName(String roleName) {this.roleName = roleName;return this;}
public void setProgressMonitor(ProgressMonitor pm) {progressMonitor = pm;}
public void reset() {if (!first()) {ptr = 0;if (!eof())parseEntry();}}
public E previous() {if (iterator.previousIndex() >= start) {return iterator.previous();}throw new NoSuchElementException();}
public String getNewPrefix() {return this.newPrefix;}
public int indexOfValue(int value) {
public List<CharsRef> uniqueStems(char word[], int length) {List<CharsRef> stems = stem(word, length);if (stems.size() < 2) {return stems;}CharArraySet terms = new CharArraySet(8, dictionary.ignoreCase);List<CharsRef> deduped = new ArrayList<>();for (CharsRef s : stems) {if (!terms.contains(s)) {deduped.add(s);terms.add(s);}}return deduped;}
public GetGatewayResponsesResult getGatewayResponses(GetGatewayResponsesRequest request) {request = beforeClientExecution(request);return executeGetGatewayResponses(request);}
public void setPosition(long pos) {currentBlockIndex = (int) (pos >> blockBits);currentBlock = blocks[currentBlockIndex];currentBlockUpto = (int) (pos & blockMask);}
public long skip(long n) {int s = (int) Math.min(available(), Math.max(0, n));ptr += s;return s;}
public BootstrapActionDetail(BootstrapActionConfig bootstrapActionConfig) {setBootstrapActionConfig(bootstrapActionConfig);}
public void deserialize(LittleEndianInput in) {
public int lastIndexOf(String string, int start) {return lastIndexOf(string, start, count);}
public boolean add(E object) {return addLastImpl(object);}
public void unsetSection(String section, String subsection) {ConfigSnapshot src, res;do {src = state.get();res = unsetSection(src, section, subsection);} while (!state.compareAndSet(src, res));}
public final String getTagName() {return tagName;}
public void addSubRecord(SubRecord element) {subrecords.add(element);}
public boolean remove(Object o) {
public class DoubleMetaphoneFilter extends TokenFilter {
public long length() {return inCoreLength();}
public void setValue(boolean newValue) {value = newValue;}
public Pair(ContentSource oldSource, ContentSource newSource) {this.oldSource = oldSource;this.newSource = newSource;}
public int get(int i) {if (count <= i)throw new ArrayIndexOutOfBoundsException(i);return entries[i];}
public CreateRepoRequest(String name) {super("cr", "2016-06-07", "CreateRepo", "cr");setUriPattern("/repos");setMethod(MethodType.PUT);setBodyParameter("name", name);}
public boolean isDeltaBaseAsOffset() {return deltaBaseAsOffset;}
public void remove() {if (expectedModCount == list.modCount) {if (lastLink!= null) {Link<ET> next = lastLink.next;Link<ET> previous = lastLink.previous;next.previous = previous;previous.next = next;if (lastLink == link) {pos--;}link = previous;lastLink = null;expectedModCount++;list.size--;list.modCount++;} else {throw new IllegalStateException();}} else {throw new ConcurrentModificationException();}}
public MergeShardsResult mergeShards(MergeShardsRequest request) {request = beforeClientExecution(request);return executeMergeShards(request);}
public AllocateHostedConnectionResult allocateHostedConnection(AllocateHostedConnectionRequest request) {request = beforeClientExecution(request);return executeAllocateHostedConnection(request);}
public int getBeginIndex() {return start;}
public static final WeightedTerm[] getTerms(Query query, boolean ignoreCase){
public byte[] toByteArray() {throw new ReadOnlyBufferException();}
public void decode(byte[] blocks, int blocksOffset, long[] values, int valuesOffset, int iterations) {for (int i = 0; i < iterations; ++i) {final long byte0 = blocks[blocksOffset++] & 0xFF;values[valuesOffset++] = byte0 >>> 2;final long byte1 = blocks[blocksOffset++] & 0xFF;values[valuesOffset++] = ((byte0 & 3) << 4) | (byte1 >>> 4);final long byte2 = blocks[blocksOffset++] & 0xFF;values[valuesOffset++] = ((byte1 & 15) << 2) | (byte2 >>> 6);values[valuesOffset++] = byte2 & 63;}}
public String getHumanishName() throws IllegalArgumentException {String s = getPath();if ("/".equals(s) || "".equals(s)) s = getHost();if (s == null) throw new IllegalArgumentException();String[] elements;if ("file".equals(scheme) || LOCAL_FILE.matcher(s).matches()) elements = s.split("[\\" + File.separatorChar + "/]"); elseelements = s.split("/+"); if (elements.length == 0)throw new IllegalArgumentException();String result = elements[elements.length - 1];if (Constants.DOT_GIT.equals(result))result = elements[elements.length - 2];else if (result.endsWith(Constants.DOT_GIT_EXT))result = result.substring(0, result.length()- Constants.DOT_GIT_EXT.length());return result;}
public static DescribeNotebookInstanceLifecycleConfigResult executeDescribeNotebookInstanceLifecycleConfig(DescribeNotebookInstanceLifecycleConfigRequest describeNotebookInstanceLifecycleConfigRequest) {
public String getAccessKeySecret() {return this.accessKeySecret;}
public CreateVpnConnectionResult createVpnConnection(CreateVpnConnectionRequest request) {request = beforeClientExecution(request);return executeCreateVpnConnection(request);}
public DescribeVoicesResult describeVoices(DescribeVoicesRequest request) {request = beforeClientExecution(request);return executeDescribeVoices(request);}
public ListMonitoringExecutionsResult listMonitoringExecutions(ListMonitoringExecutionsRequest request) {request = beforeClientExecution(request);return executeListMonitoringExecutions(request);}
public DescribeJobRequest(String vaultName, String jobId) {setVaultName(vaultName);setJobId(jobId);}
public EscherRecord getEscherRecord(int index){return escherRecords.get(index);}
public GetApisResult getApis(GetApisRequest request) {request = beforeClientExecution(request);return executeGetApis(request);}
public DeleteSmsChannelResult deleteSmsChannel(DeleteSmsChannelRequest request) {request = beforeClientExecution(request);return executeDeleteSmsChannel(request);}
public TrackingRefUpdate getTrackingRefUpdate() {return trackingRefUpdate;}
public void print(boolean b) {print(String.valueOf(b));}
public QueryNode getChild() {return getChildren().get(0);}
public NotIgnoredFilter(int workdirTreeIndex) {this.index = workdirTreeIndex;}
public AreaRecord(short formatFlags) {field_1_formatFlags = formatFlags;}
public GetThumbnailRequest(String accessToken) {super("CloudPhoto", "2017-07-11", "GetThumbnail", "cloudphoto");setAccessToken(accessToken);}
public DescribeTransitGatewayVpcAttachmentsResult describeTransitGatewayVpcAttachments(DescribeTransitGatewayVpcAttachmentsRequest request) {
public PutVoiceConnectorStreamingConfigurationResult putVoiceConnectorStreamingConfiguration(PutVoiceConnectorStreamingConfigurationRequest request) {request = beforeClientExecution(request);return executePutVoiceConnectorStreamingConfiguration(request);}
