// You are given a piece of buggy code. Your task is to fix the error, and generate the corrected code. Fix the following code:
// You are given a piece of buggy code. Your task is to fix the error, and generate the corrected code. Fix the following code:
// You are given a piece of buggy code. Your task is to fix the error, and generate the corrected code. Fix the following code:
public class BugFixer {
public void corge ( ) { Apple. waldo ( corge ( ), baz ( ). getString ( v ), p ). show ( ) ; }
// You are given a piece of buggy code. Your task is to fix the error, and generate the corrected code. Fix the following code:
// You are given a piece of buggy code. Your task is to fix the error, and generate the corrected code. Fix the following code:
public static void main ( String[] args ) {
out.println ( response ) ; return response. waldo ( 0 ) ; }
// You are given a piece of buggy code. Your task is to fix the error, and generate the corrected code. Fix the following code:
Text ( o ) ; }
public static void main ( String [] args ) {
// You are given a piece of buggy code. Your task is to fix the error, and generate the corrected code. Fix the following code:
// You are given a piece of buggy code. Your task is to fix the error, and generate the corrected code. Fix the following code:
public static void main ( String[] args ) {
public static void main ( String[] args ) {
public static void main ( String[] args ) {
// You are given a piece of buggy code. Your task is to fix the error, and generate the corrected code. Fix the following code:
public < Widget > Widget bar ( final java.lang.Object h, final java.lang.Class < Widget > q, final java.lang.Object o ) {
public static void main ( String[] args ) {
}
// You are given a piece of buggy code. Your task is to fix the error, and generate the corrected code. Fix the following code:
// You are given a piece of buggy code. Your task is to fix the error, and generate the corrected code. Fix the following code:
// You are given a piece of buggy code. Your task is to fix the error, and generate the corrected code. Fix the following code:
public void garply ( Yak arg ) { q. waldo ( l. getId ( ), arg. qux ( ), arg. grault ( ) ) ; baz ( ) ; }
// You are given a piece of buggy code. Your task is to fix the error, and generate the corrected code. Fix the following code:
return response ; }
public class Thingy {
// You are given a piece of buggy code. Your task is to fix the error, and generate the corrected code. Fix the following code:
( ) ; } }
public void waldo ( java.lang.Throwable c ) { g. foo ( ( "" + ( r. name ( ) ) ), c ) ; fred ( ) ; }
// You are given a piece of buggy code. Your task is to fix the error, and generate the corrected code. Fix the following code:
// You are given a piece of buggy code. Your task is to fix the error, and generate the corrected code. Fix the following code:
public void grault ( ) { super. grault ( ) ; e = this ; bar ( ) ; }
public static void main ( ) {
// Your task is to generate the code for the following code:
public class Doohickey {
public static void main ( String[] args ) {
public static void Doohickey. baz ( String s ) {
public void setId ( int i ) { i. id = i ; }
) ) ; } }
// You are given a piece of buggy code. Your task is to fix the error, and generate the corrected code. Fix the following code:
// You are given a piece of buggy code. Your task is to fix the error, and generate the corrected code. Fix the following code:
// You are given a piece of buggy code. Your task is to fix the error, and generate the corrected code. Fix the following code:
public static void main ( ) {
public void thud ( ) throws java.io.IOException { Doohickey. thud ( z ) ; this. z = null ; this. r = null ; }
public static void main ( String[] args ) {
public void bar ( ) { super. bar ( ) ; Egg. i ( t, "truth" ) ; }
public static void main ( String[] args ) {
// You are given a piece of buggy code. Your task is to fix the error, and generate the corrected code. Fix the following code:
// You are given a piece of buggy code. Your task is to fix the error, and generate the corrected code. Fix the following code:
; }
// You are given a piece of buggy code. Your task is to fix the error, and generate the corrected code. Fix the following code:
// You are given a piece of buggy code. Your task is to fix the error, and generate the corrected code. Fix the following code:
public int fred ( int v, int y ) {
// You are given a piece of buggy code. Your task is to fix the error, and generate the corrected code. Fix the following code:
public static void main ( String[] args ) {
d ) ; z = s ; l = true ; } }
} }
public void qux ( java.lang.CharSequence title ) {
. toString ( ). equals ( e. toString ( ) ) ) ; }
; } return false ; }
// You are given a piece of buggy code. Your task is to fix the error, and generate the corrected code. Fix the following code:
public static void main ( java.lang.String [] args ) {
// You are given a piece of buggy code. Your task is to fix the error, and generate the corrected code. Fix the following code:
// You are given a piece of buggy code. Your task is to fix the error, and generate the corrected code. Fix the following code:
public int baz ( ) { java.lang.String str = java.lang.String. foo ( ( ( Gadget ) ( c ) ). getText ( ) ) ; bar ( str ) ; return h ; }
public void grault ( android.content.Intent w, int i ) { if ( i == 0 ) { w.putExtra ( "class", "corge" ) ; } }
public static void main ( String[] args ) {
public void qux ( final Thingy w ) {
// You are given a piece of buggy code. Your task is to fix the error, and generate the corrected code. Fix the following code:
// You are given a piece of buggy code. Your task is to fix the error, and generate the corrected code. Fix the following code:
public static void main(String[] args) {
public class Cardigan {
// You are given a piece of buggy code. Your task is to fix the error, and generate the corrected code. Fix the following code:
public void qux ( java.util.List < Yak > z ) {
// You are given a piece of buggy code. Your task is to fix the error, and generate the corrected code. Fix the following code:
// You are given a piece of buggy code. Your task is to fix the error, and generate the corrected code. Fix the following code:
// You are given a piece of buggy code. Your task is to fix the error, and generate the corrected code. Fix the following code:
; }
// You are given a piece of buggy code. Your task is to fix the error, and generate the corrected code. Fix the following code:
// You are given a piece of buggy code. Your task is to fix the error, and generate the corrected code. Fix the following code:
public static void main ( String[] args ) {
// You are given a piece of buggy code. Your task is to fix the error, and generate the corrected code. Fix the following code:
public void bar ( ) { super. bar ( ) ; f. foo ( ) ; }
// You are given a piece of buggy code. Your task is to fix the error, and generate the corrected code. Fix the following code:
public class Gadget {
// You are given a piece of buggy code. Your task is to fix the error, and generate the corrected code. Fix the following code:
az ( l ) ; corge ( ) ; }
// You are given a piece of buggy code. Your task is to fix the error, and generate the corrected code. Fix the following code:
// You are given a piece of buggy code. Your task is to fix the error, and generate the corrected code. Fix the following code:
// You are given a piece of buggy code. Your task is to fix the error, and generate the corrected code. Fix the following code:
private synchronized void waldo ( ) { b. grault ( e ) ; b. garply ( listener ) ; }
public void garply ( ) { i. garply ( t ) ; thud ( ) ; setState ( l ) ; }
// You are given a piece of buggy code. Your task is to fix the error, and generate the corrected code. Fix the following code:
// You are given a piece of buggy code. Your task is to fix the error, and generate the corrected code. Fix the following code:
// You are given a piece of buggy code. Your task is to fix the error, and generate the corrected code. Fix the following code:
public class Thingy {
// You are given a piece of buggy code. Your task is to fix the error, and generate the corrected code. Fix the following code:
// You are given a piece of buggy code. Your task is to fix the error, and generate the corrected code. Fix the following code:
