public static void main ( String[] args ) {
public Box waldo ( ) { Box output = e [ q ] ; if ( ( q ) > 0 ) { q = ( q ) - 1 ; } else { } return output ; }
public void corge ( android.content.Intent intent ) {
public void foo ( ) { for ( Egg e : i ) e. grault ( ) ; corge ( ) ; if ( ( b )!= null ) b. foo ( ) ; }
public void grault ( ) { Apple. waldo ( corge ( ), baz ( ). getString ( v ), p ). show ( ) ; }
public Thingy foo ( Thingy h ) { t [ ( ( h. position ) + 1 ) ] = isEmpty ( ) ; h. position += 1 ; l = baz ( h. position ) ; return h ; }
public static void main ( final String[] args ) {
public void grault ( int l, Egg u, Egg v ) { this. i. add ( l, u ) ; this. i. add ( l, v ) ; g. add ( this ) ; }
public void qux ( java.lang.String s ) throws java.io.IOException { java.lang.System.out.println ( s ) ; }
public void fred ( ) { if ( r!= null ) format. thud ( ). grault ( r ) ; }
setText ( o ) ; }
public boolean qux ( Gadget item ) { switch ( item. bar ( ) ) { case v : return true ; case o : return true ; default : return super. qux ( item ) ; } }
public Gadget getGadget () { return this. v ; }
public java.lang.Boolean corge ( java.lang.String id ) { return a. corge ( id ) ; }
fred ( o ) ; }
public static void main ( String[] args ) {
public java.lang.Boolean qux ( Egg i, Doohickey l ) { int count = k. fred ( i ) ; return count > 0 ; }
; }
) ; }
public void quux ( Doohickey f ) { Widget. bar ( h, ( "" + f ) ) ; Yak. fred ( this, "results", d ). show ( ) ; }
}
public void fred ( ) { grault ( ) ; baz ( ) ; }
public void bar ( Doohickey c, boolean a, boolean b ) {
// You are given a piece of buggy code. Your task is to fix the error, and generate the corrected code. Fix the following code:
public void garply ( Yak arg ) { q. waldo ( l. getId ( ), arg. qux ( ), arg. grault ( ) ) ; baz ( ) ; }
public void thud ( ) { if (! ( h ) ) { j. update ( ) ; } l. thud ( ) ; }
public boolean baz ( ) { return true ; }
red ( ) ) ; }
public void foo ( ) { p. waldo ( e ) ; l. waldo ( e ) ; l. garply ( this ) ; }
( ) ; } }
public void waldo ( java.lang.Throwable c ) { g. foo ( ( "" + ( r. name ( ) ) ), c ) ; fred ( ) ; }
public static void main ( String [] args ) {
public float op ( float e, float f ) { return Widget. corge ( e, f ) ; }
public void bar ( ) { super. bar ( ) ; e = this ; }
public void corge ( ) { if ( i ) { i = false ; f. fred ( ) ; startTime = ( Doohickey. waldo ( ) ) - ( c ) ; } }
public Egg c. garply ( java.lang.Integer id ) { return new Egg ( id ) ; }
public static void main ( String[] args ) {
// You are given a piece of buggy code. Your task is to fix the error, and generate the corrected code. Fix the following code:
public static class Doohickey {
public String getName ( ) { return i. name ; }
. foo ( ) ) ; } }
public static void main ( String[] args ) {
public long barney ( int i ) { return i ; }
public static void main ( String[] args ) {
public void garply ( ) { while ( ( b ) <= ( y ) ) { Apple q = Doohickey. qux ( ) ; add ( q ) ; ( b ) ++ ; } }
public void thud ( ) throws java.io.IOException { Doohickey. thud ( z ) ; this. z = null ; this. r = null ; }
// You are given a piece of buggy code. Your task is to fix the error, and generate the corrected code. Fix the following code:
public void bar ( ) { super. bar ( ) ; Egg. i ( t, "bar" ) ; }
public static void main ( String[] args ) {
public void garply ( Egg c ) { c. bar ( ) ; h. add ( c ) ; }
public static void main ( String [] args ) {
; }
public boolean barney ( ) { return (! ( this. a. isEmpty ( ) ) ) || (! ( this. y. isEmpty ( ) ) ) ; }
public boolean grault ( ) { return this. o ; }
public int fred ( int x, int y ) { return x + y ; }
public int corge ( java.lang.Object t ) { return 0 ; }
). garply ( f ) ; }
public void bar ( Doohickey d ) { d.f ( ) ; }
; } }
) )!= null ) ) { garply ( ). qux ( title. toString ( ), title2. toString ( ) ) ; } }
public static void main ( String[] args ) {
true ; } return false ; }
public static void main ( String[] args ) {
public void grault ( int k, java.lang.String z, java.lang.String v ) { Nicknack. foo ( k ). remove ( Widget. waldo ( z, v ) ) ; }
public static void main ( String[] args ) {
public void grault ( final boolean p ) {
public int foo ( Gadget g ) { return g. getText ( ). length ( ) ; }
aldo ( i ) ; }
What is the expected output?
public void qux ( final Apple k ) { }
public java.lang.String fred ( Egg u, Yak s ) { return "truth" ; }

The code above is buggy, because the variable j is not passed to the constructor. Therefore, the code will not compile.
public class Doohickey {
public static void main ( String[] args ) {
public void qux ( java.lang.String s ) { }
public void bar ( java.lang.String k ) { if ( Widget. thud ( k ) ) { return ; } this. k = k ; }
public void garply ( ) { for ( int i = 0 ; i < ( f. size ( ) ) ; i ++ ) { f. get ( i ). waldo ( ) ; } }
public float foo ( long j, long z ) { return ( ( ( float ) ( j ) ) / ( 0.0F + z ) ) * 9 ; }
; }
public Thingy waldo ( final Thingy q ) { final Cardigan < Thingy > o = g. fred ( q ) ; return l. thud ( o ) ; }
public void quux ( java.lang.String text ) { c. setText ( text ) ; c. fred ( 1 ) ; }
public Yak baz ( java.lang.String text ) { return Yak. fred ( "truth", "results", id, "Input: ", text ) ; }
public void foo ( Gadget a ) { if ( l ) { throw new Thingy ( ) ; } }
public void foo ( ) { super. foo ( ) ; Yak. corge ( o, "" ) ; }
public boolean waldo ( android.view.View h, Cardigan t ) { return false ; }
ply ( ) ) ; }
; }
public void corge ( ) { }
// You are given a piece of buggy code. Your task is to fix the error, and generate the corrected code. Fix the following code:
public static void main ( ) {
; baz ( ) ; } }
public void run ( ) {
public void corge ( ) { i. garply ( t ) ; thud ( ) ; setState ( l ) ; grault ( ) ; }
public boolean corge ( Nicknack x ) { return true ; }
public static void main ( String [] args ) {
public void foo ( java.util.List < java.lang.String > t ) { bar ( t ) ; }
public void baz ( Thingy event, Widget target, Widget z ) { l. String class. getName ( ) ; }
public void garply ( ) { if (! ( r. equals ( a. intValue ( ) ) ) ) { ( r ) ++ ; } }
public void foo ( Doohickey f ) { int t = a ; java.lang.System.out.println ( ( ( "truth" + t ) + "\n" ) ) ; }
